2022-05-08T16:57:06+00:00 CRITICAL Uncaught TypeError: call_user_func(): Argument #1 ($function) must be a valid callback, non-static method Astra_Builder_Header::header_woo_cart() cannot be called statically in C:\xampp\htdocs\sani3i\wp-includes\customize\class-wp-customize-partial.php:221
Stack trace:
#0 C:\xampp\htdocs\sani3i\wp-includes\customize\class-wp-customize-selective-refresh.php(371): WP_Customize_Partial->render(Array)
#1 C:\xampp\htdocs\sani3i\wp-includes\class-wp-hook.php(307): WP_Customize_Selective_Refresh->handle_render_partials_request('')
#2 C:\xampp\htdocs\sani3i\wp-includes\class-wp-hook.php(331): WP_Hook->apply_filters(NULL, Array)
#3 C:\xampp\htdocs\sani3i\wp-includes\plugin.php(474): WP_Hook->do_action(Array)
#4 C:\xampp\htdocs\sani3i\wp-includes\template-loader.php(13): do_action('template_redire...')
#5 C:\xampp\htdocs\sani3i\wp-blog-header.php(19): require_once('C:\\xampp\\htdocs...')
#6 C:\xampp\htdocs\sani3i\index.php(17): require('C:\\xampp\\htdocs...')
#7 {main}
  thrown in C:\xampp\htdocs\sani3i\wp-includes\customize\class-wp-customize-partial.php on line 221

2022-05-08T16:57:38+00:00 CRITICAL Uncaught TypeError: call_user_func(): Argument #1 ($function) must be a valid callback, non-static method Astra_Builder_Header::header_woo_cart() cannot be called statically in C:\xampp\htdocs\sani3i\wp-includes\customize\class-wp-customize-partial.php:221
Stack trace:
#0 C:\xampp\htdocs\sani3i\wp-includes\customize\class-wp-customize-selective-refresh.php(371): WP_Customize_Partial->render(Array)
#1 C:\xampp\htdocs\sani3i\wp-includes\class-wp-hook.php(307): WP_Customize_Selective_Refresh->handle_render_partials_request('')
#2 C:\xampp\htdocs\sani3i\wp-includes\class-wp-hook.php(331): WP_Hook->apply_filters(NULL, Array)
#3 C:\xampp\htdocs\sani3i\wp-includes\plugin.php(474): WP_Hook->do_action(Array)
#4 C:\xampp\htdocs\sani3i\wp-includes\template-loader.php(13): do_action('template_redire...')
#5 C:\xampp\htdocs\sani3i\wp-blog-header.php(19): require_once('C:\\xampp\\htdocs...')
#6 C:\xampp\htdocs\sani3i\index.php(17): require('C:\\xampp\\htdocs...')
#7 {main}
  thrown in C:\xampp\htdocs\sani3i\wp-includes\customize\class-wp-customize-partial.php on line 221

2022-05-08T23:40:48+00:00 CRITICAL Uncaught TypeError: call_user_func_array(): Argument #1 ($function) must be a valid callback, class WP_Menu_Image does not have a method "mm_fs_uninstall_cleanup" in C:\xampp\htdocs\sani3i\wp-includes\class-wp-hook.php:307
Stack trace:
#0 C:\xampp\htdocs\sani3i\wp-includes\class-wp-hook.php(331): WP_Hook->apply_filters('', Array)
#1 C:\xampp\htdocs\sani3i\wp-includes\plugin.php(474): WP_Hook->do_action(Array)
#2 C:\xampp\htdocs\sani3i\wp-content\plugins\menu-image\freemius\includes\class-freemius.php(18894): do_action('fs_after_uninst...')
#3 C:\xampp\htdocs\sani3i\wp-content\plugins\menu-image\freemius\includes\class-freemius.php(9931): Freemius->do_action('after_uninstall')
#4 C:\xampp\htdocs\sani3i\wp-includes\class-wp-hook.php(307): Freemius::_uninstall_plugin_hook('')
#5 C:\xampp\htdocs\sani3i\wp-includes\class-wp-hook.php(331): WP_Hook->apply_filters('', Array)
#6 C:\xampp\htdocs\sani3i\wp-includes\plugin.php(474): WP_Hook->do_action(Array)
#7 C:\xampp\htdocs\sani3i\wp-admin\includes\plugin.php(1263): do_action('uninstall_menu-...')
#8 C:\xampp\htdocs\sani3i\wp-admin\includes\plugin.php(956): uninstall_plugin('menu-image/menu...')
#9 C:\xampp\htdocs\sani3i\wp-admin\includes\ajax-actions.php(4631): delete_plugins(Array)
#10 C:\xampp\htdocs\sani3i\wp-includes\class-wp-hook.php(307): wp_ajax_delete_plugin('')
#11 C:\xampp\htdocs\sani3i\wp-includes\class-wp-hook.php(331): WP_Hook->apply_filters('', Array)
#12 C:\xampp\htdocs\sani3i\wp-includes\plugin.php(474): WP_Hook->do_action(Array)
#13 C:\xampp\htdocs\sani3i\wp-admin\admin-ajax.php(187): do_action('wp_ajax_delete-...')
#14 {main}
  thrown in C:\xampp\htdocs\sani3i\wp-includes\class-wp-hook.php on line 307

